     1 00000000                                 [FORMAT "WCOFF"]
     2 00000000                                 [INSTRSET "i486p"]
     3 00000000                                 [OPTIMIZE 1]
     4 00000000                                 [OPTION 1]
     5 00000000                                 [BITS 32]
     6 00000000                                 	EXTERN	_io_hlt
     7 00000000                                 	EXTERN	_io_load_eflags
     8 00000000                                 	EXTERN	_io_cli
     9 00000000                                 	EXTERN	_io_out8
    10 00000000                                 	EXTERN	_io_store_eflags
    11 00000000                                 [FILE "bootpack.c"]
    12                                          [SECTION .text]
    13 00000000                                 	GLOBAL	_LongMain
    14 00000000                                 _LongMain:
    15 00000000 55                              	PUSH	EBP
    16 00000001 89 E5                           	MOV	EBP,ESP
    17 00000003 E8 0000000C                     	CALL	_init_palette
    18 00000008 E8 000000F3                     	CALL	_drawScreen
    19 0000000D                                 L2:
    20 0000000D E8 [00000000]                   	CALL	_io_hlt
    21 00000012 EB F9                           	JMP	L2
    22                                          [SECTION .data]
    23 00000000                                 _table_rgb.0:
    24 00000000 00                              	DB	0
    25 00000001 00                              	DB	0
    26 00000002 00                              	DB	0
    27 00000003 FF                              	DB	-1
    28 00000004 00                              	DB	0
    29 00000005 00                              	DB	0
    30 00000006 00                              	DB	0
    31 00000007 FF                              	DB	-1
    32 00000008 00                              	DB	0
    33 00000009 FF                              	DB	-1
    34 0000000A FF                              	DB	-1
    35 0000000B 00                              	DB	0
    36 0000000C 00                              	DB	0
    37 0000000D 00                              	DB	0
    38 0000000E FF                              	DB	-1
    39 0000000F FF                              	DB	-1
    40 00000010 00                              	DB	0
    41 00000011 FF                              	DB	-1
    42 00000012 00                              	DB	0
    43 00000013 FF                              	DB	-1
    44 00000014 FF                              	DB	-1
    45 00000015 FF                              	DB	-1
    46 00000016 FF                              	DB	-1
    47 00000017 FF                              	DB	-1
    48 00000018 C6                              	DB	-58
    49 00000019 C6                              	DB	-58
    50 0000001A C6                              	DB	-58
    51 0000001B 84                              	DB	-124
    52 0000001C 00                              	DB	0
    53 0000001D 00                              	DB	0
    54 0000001E 00                              	DB	0
    55 0000001F 84                              	DB	-124
    56 00000020 00                              	DB	0
    57 00000021 84                              	DB	-124
    58 00000022 84                              	DB	-124
    59 00000023 00                              	DB	0
    60 00000024 00                              	DB	0
    61 00000025 00                              	DB	0
    62 00000026 84                              	DB	-124
    63 00000027 84                              	DB	-124
    64 00000028 00                              	DB	0
    65 00000029 84                              	DB	-124
    66 0000002A 00                              	DB	0
    67 0000002B 84                              	DB	-124
    68 0000002C 84                              	DB	-124
    69 0000002D 84                              	DB	-124
    70 0000002E 84                              	DB	-124
    71 0000002F 84                              	DB	-124
    72                                          [SECTION .text]
    73 00000014                                 	GLOBAL	_init_palette
    74 00000014                                 _init_palette:
    75 00000014 55                              	PUSH	EBP
    76 00000015 89 E5                           	MOV	EBP,ESP
    77 00000017 68 [00000000]                   	PUSH	_table_rgb.0
    78 0000001C 6A 0F                           	PUSH	15
    79 0000001E 6A 00                           	PUSH	0
    80 00000020 E8 00000002                     	CALL	_set_palette
    81 00000025 C9                              	LEAVE
    82 00000026 C3                              	RET
    83 00000027                                 	GLOBAL	_set_palette
    84 00000027                                 _set_palette:
    85 00000027 55                              	PUSH	EBP
    86 00000028 89 E5                           	MOV	EBP,ESP
    87 0000002A 57                              	PUSH	EDI
    88 0000002B 56                              	PUSH	ESI
    89 0000002C 53                              	PUSH	EBX
    90 0000002D 51                              	PUSH	ECX
    91 0000002E 8B 5D 08                        	MOV	EBX,DWORD [8+EBP]
    92 00000031 8B 7D 0C                        	MOV	EDI,DWORD [12+EBP]
    93 00000034 8B 75 10                        	MOV	ESI,DWORD [16+EBP]
    94 00000037 E8 [00000000]                   	CALL	_io_load_eflags
    95 0000003C 89 45 F0                        	MOV	DWORD [-16+EBP],EAX
    96 0000003F E8 [00000000]                   	CALL	_io_cli
    97 00000044 53                              	PUSH	EBX
    98 00000045 68 000003C8                     	PUSH	968
    99 0000004A E8 [00000000]                   	CALL	_io_out8
   100 0000004F 39 FB                           	CMP	EBX,EDI
   101 00000051 58                              	POP	EAX
   102 00000052 5A                              	POP	EDX
   103 00000053 7E 12                           	JLE	L11
   104 00000055                                 L13:
   105 00000055 8B 45 F0                        	MOV	EAX,DWORD [-16+EBP]
   106 00000058 89 45 08                        	MOV	DWORD [8+EBP],EAX
   107 0000005B 8D 65 F4                        	LEA	ESP,DWORD [-12+EBP]
   108 0000005E 5B                              	POP	EBX
   109 0000005F 5E                              	POP	ESI
   110 00000060 5F                              	POP	EDI
   111 00000061 5D                              	POP	EBP
   112 00000062 E9 [00000000]                   	JMP	_io_store_eflags
   113 00000067                                 L11:
   114 00000067 8A 06                           	MOV	AL,BYTE [ESI]
   115 00000069 43                              	INC	EBX
   116 0000006A C0 E8 02                        	SHR	AL,2
   117 0000006D 0F B6 C0                        	MOVZX	EAX,AL
   118 00000070 50                              	PUSH	EAX
   119 00000071 68 000003C9                     	PUSH	969
   120 00000076 E8 [00000000]                   	CALL	_io_out8
   121 0000007B 8A 46 01                        	MOV	AL,BYTE [1+ESI]
   122 0000007E C0 E8 02                        	SHR	AL,2
   123 00000081 0F B6 C0                        	MOVZX	EAX,AL
   124 00000084 50                              	PUSH	EAX
   125 00000085 68 000003C9                     	PUSH	969
   126 0000008A E8 [00000000]                   	CALL	_io_out8
   127 0000008F 8A 46 02                        	MOV	AL,BYTE [2+ESI]
   128 00000092 C0 E8 02                        	SHR	AL,2
   129 00000095 83 C6 03                        	ADD	ESI,3
   130 00000098 0F B6 C0                        	MOVZX	EAX,AL
   131 0000009B 50                              	PUSH	EAX
   132 0000009C 68 000003C9                     	PUSH	969
   133 000000A1 E8 [00000000]                   	CALL	_io_out8
   134 000000A6 83 C4 18                        	ADD	ESP,24
   135 000000A9 39 FB                           	CMP	EBX,EDI
   136 000000AB 7E BA                           	JLE	L11
   137 000000AD EB A6                           	JMP	L13
   138 000000AF                                 	GLOBAL	_boxfill8
   139 000000AF                                 _boxfill8:
   140 000000AF 55                              	PUSH	EBP
   141 000000B0 89 E5                           	MOV	EBP,ESP
   142 000000B2 57                              	PUSH	EDI
   143 000000B3 56                              	PUSH	ESI
   144 000000B4 53                              	PUSH	EBX
   145 000000B5 57                              	PUSH	EDI
   146 000000B6 57                              	PUSH	EDI
   147 000000B7 8A 45 10                        	MOV	AL,BYTE [16+EBP]
   148 000000BA 8B 4D 18                        	MOV	ECX,DWORD [24+EBP]
   149 000000BD 8B 7D 1C                        	MOV	EDI,DWORD [28+EBP]
   150 000000C0 88 45 F3                        	MOV	BYTE [-13+EBP],AL
   151 000000C3 3B 4D 20                        	CMP	ECX,DWORD [32+EBP]
   152 000000C6 7F 31                           	JG	L26
   153 000000C8 8B 5D 0C                        	MOV	EBX,DWORD [12+EBP]
   154 000000CB 0F AF D9                        	IMUL	EBX,ECX
   155 000000CE                                 L24:
   156 000000CE 8B 55 14                        	MOV	EDX,DWORD [20+EBP]
   157 000000D1 39 FA                           	CMP	EDX,EDI
   158 000000D3 7F 1B                           	JG	L28
   159 000000D5 8B 75 08                        	MOV	ESI,DWORD [8+EBP]
   160 000000D8 01 DE                           	ADD	ESI,EBX
   161 000000DA 01 D6                           	ADD	ESI,EDX
   162 000000DC 89 75 EC                        	MOV	DWORD [-20+EBP],ESI
   163 000000DF                                 L23:
   164 000000DF 8B 75 EC                        	MOV	ESI,DWORD [-20+EBP]
   165 000000E2 8A 45 F3                        	MOV	AL,BYTE [-13+EBP]
   166 000000E5 42                              	INC	EDX
   167 000000E6 88 06                           	MOV	BYTE [ESI],AL
   168 000000E8 46                              	INC	ESI
   169 000000E9 89 75 EC                        	MOV	DWORD [-20+EBP],ESI
   170 000000EC 39 FA                           	CMP	EDX,EDI
   171 000000EE 7E EF                           	JLE	L23
   172 000000F0                                 L28:
   173 000000F0 41                              	INC	ECX
   174 000000F1 03 5D 0C                        	ADD	EBX,DWORD [12+EBP]
   175 000000F4 3B 4D 20                        	CMP	ECX,DWORD [32+EBP]
   176 000000F7 7E D5                           	JLE	L24
   177 000000F9                                 L26:
   178 000000F9 5B                              	POP	EBX
   179 000000FA 5E                              	POP	ESI
   180 000000FB 5B                              	POP	EBX
   181 000000FC 5E                              	POP	ESI
   182 000000FD 5F                              	POP	EDI
   183 000000FE 5D                              	POP	EBP
   184 000000FF C3                              	RET
   185 00000100                                 	GLOBAL	_drawScreen
   186 00000100                                 _drawScreen:
   187 00000100 55                              	PUSH	EBP
   188 00000101 89 E5                           	MOV	EBP,ESP
   189 00000103 6A 78                           	PUSH	120
   190 00000105 6A 78                           	PUSH	120
   191 00000107 6A 14                           	PUSH	20
   192 00000109 6A 14                           	PUSH	20
   193 0000010B 6A 01                           	PUSH	1
   194 0000010D 68 00000140                     	PUSH	320
   195 00000112 68 000A0000                     	PUSH	655360
   196 00000117 E8 FFFFFF93                     	CALL	_boxfill8
   197 0000011C 68 00000096                     	PUSH	150
   198 00000121 68 000000AA                     	PUSH	170
   199 00000126 6A 32                           	PUSH	50
   200 00000128 6A 46                           	PUSH	70
   201 0000012A 6A 02                           	PUSH	2
   202 0000012C 68 00000140                     	PUSH	320
   203 00000131 68 000A0000                     	PUSH	655360
   204 00000136 E8 FFFFFF74                     	CALL	_boxfill8
   205 0000013B 83 C4 38                        	ADD	ESP,56
   206 0000013E 68 000000B4                     	PUSH	180
   207 00000143 68 000000DC                     	PUSH	220
   208 00000148 6A 50                           	PUSH	80
   209 0000014A 6A 78                           	PUSH	120
   210 0000014C 6A 04                           	PUSH	4
   211 0000014E 68 00000140                     	PUSH	320
   212 00000153 68 000A0000                     	PUSH	655360
   213 00000158 E8 FFFFFF52                     	CALL	_boxfill8
   214 0000015D C9                              	LEAVE
   215 0000015E C3                              	RET
